{"C:\\Users\\prama\\OneDrive\\Documents\\Hacktiv8\\Phase 2\\Individual_Project\\IP-HCK75\\server-side\\app.js": {"path":"C:\\Users\\prama\\OneDrive\\Documents\\Hacktiv8\\Phase 2\\Individual_Project\\IP-HCK75\\server-side\\app.js","statementMap":{"0":{"start":{"line":1,"column":0},"end":{"line":1,"column":26}},"1":{"start":{"line":2,"column":16},"end":{"line":2,"column":34}},"2":{"start":{"line":3,"column":12},"end":{"line":3,"column":21}},"3":{"start":{"line":4,"column":15},"end":{"line":4,"column":34}},"4":{"start":{"line":5,"column":13},"end":{"line":5,"column":28}},"5":{"start":{"line":8,"column":0},"end":{"line":8,"column":15}},"6":{"start":{"line":9,"column":0},"end":{"line":9,"column":47}},"7":{"start":{"line":10,"column":0},"end":{"line":10,"column":23}},"8":{"start":{"line":11,"column":0},"end":{"line":11,"column":20}},"9":{"start":{"line":14,"column":0},"end":{"line":14,"column":21}}},"fnMap":{},"branchMap":{},"s":{"0":1,"1":1,"2":1,"3":1,"4":1,"5":1,"6":1,"7":1,"8":1,"9":1},"f":{},"b":{},"_coverageSchema":"1a1c01bbd47fc00a2c39e90264f33305004495a9","hash":"56cc676cbea1e677d49cc744365b59bee0f81982"}
,"C:\\Users\\prama\\OneDrive\\Documents\\Hacktiv8\\Phase 2\\Individual_Project\\IP-HCK75\\server-side\\controller\\FavoriteGameController.js": {"path":"C:\\Users\\prama\\OneDrive\\Documents\\Hacktiv8\\Phase 2\\Individual_Project\\IP-HCK75\\server-side\\controller\\FavoriteGameController.js","statementMap":{"0":{"start":{"line":1,"column":25},"end":{"line":1,"column":45}},"1":{"start":{"line":2,"column":27},"end":{"line":2,"column":43}},"2":{"start":{"line":4,"column":0},"end":{"line":54,"column":1}},"3":{"start":{"line":6,"column":8},"end":{"line":29,"column":9}},"4":{"start":{"line":7,"column":25},"end":{"line":7,"column":33}},"5":{"start":{"line":8,"column":27},"end":{"line":8,"column":80}},"6":{"start":{"line":12,"column":26},"end":{"line":12,"column":28}},"7":{"start":{"line":14,"column":12},"end":{"line":24,"column":13}},"8":{"start":{"line":14,"column":25},"end":{"line":14,"column":26}},"9":{"start":{"line":15,"column":32},"end":{"line":15,"column":43}},"10":{"start":{"line":17,"column":31},"end":{"line":17,"column":112}},"11":{"start":{"line":18,"column":31},"end":{"line":21,"column":18}},"12":{"start":{"line":22,"column":16},"end":{"line":22,"column":43}},"13":{"start":{"line":23,"column":16},"end":{"line":23,"column":32}},"14":{"start":{"line":26,"column":12},"end":{"line":26,"column":50}},"15":{"start":{"line":28,"column":12},"end":{"line":28,"column":23}},"16":{"start":{"line":33,"column":8},"end":{"line":42,"column":9}},"17":{"start":{"line":34,"column":25},"end":{"line":34,"column":33}},"18":{"start":{"line":35,"column":26},"end":{"line":38,"column":14}},"19":{"start":{"line":39,"column":12},"end":{"line":39,"column":52}},"20":{"start":{"line":41,"column":12},"end":{"line":41,"column":23}},"21":{"start":{"line":46,"column":8},"end":{"line":52,"column":9}},"22":{"start":{"line":47,"column":25},"end":{"line":47,"column":35}},"23":{"start":{"line":48,"column":26},"end":{"line":48,"column":71}},"24":{"start":{"line":49,"column":12},"end":{"line":49,"column":85}},"25":{"start":{"line":51,"column":12},"end":{"line":51,"column":23}}},"fnMap":{"0":{"name":"(anonymous_0)","decl":{"start":{"line":5,"column":4},"end":{"line":5,"column":5}},"loc":{"start":{"line":5,"column":44},"end":{"line":30,"column":5}},"line":5},"1":{"name":"(anonymous_1)","decl":{"start":{"line":32,"column":4},"end":{"line":32,"column":5}},"loc":{"start":{"line":32,"column":44},"end":{"line":43,"column":5}},"line":32},"2":{"name":"(anonymous_2)","decl":{"start":{"line":45,"column":4},"end":{"line":45,"column":5}},"loc":{"start":{"line":45,"column":47},"end":{"line":53,"column":5}},"line":45}},"branchMap":{},"s":{"0":1,"1":1,"2":1,"3":0,"4":0,"5":0,"6":0,"7":0,"8":0,"9":0,"10":0,"11":0,"12":0,"13":0,"14":0,"15":0,"16":0,"17":0,"18":0,"19":0,"20":0,"21":0,"22":0,"23":0,"24":0,"25":0},"f":{"0":0,"1":0,"2":0},"b":{},"_coverageSchema":"1a1c01bbd47fc00a2c39e90264f33305004495a9","hash":"6b7742d20a0e615ef90bf8b6adab924b1e1278e0"}
,"C:\\Users\\prama\\OneDrive\\Documents\\Hacktiv8\\Phase 2\\Individual_Project\\IP-HCK75\\server-side\\controller\\GamesController.js": {"path":"C:\\Users\\prama\\OneDrive\\Documents\\Hacktiv8\\Phase 2\\Individual_Project\\IP-HCK75\\server-side\\controller\\GamesController.js","statementMap":{"0":{"start":{"line":1,"column":27},"end":{"line":1,"column":43}},"1":{"start":{"line":2,"column":15},"end":{"line":2,"column":43}},"2":{"start":{"line":4,"column":0},"end":{"line":71,"column":1}},"3":{"start":{"line":6,"column":8},"end":{"line":46,"column":9}},"4":{"start":{"line":7,"column":27},"end":{"line":7,"column":110}},"5":{"start":{"line":9,"column":97},"end":{"line":9,"column":106}},"6":{"start":{"line":11,"column":12},"end":{"line":13,"column":13}},"7":{"start":{"line":12,"column":16},"end":{"line":12,"column":43}},"8":{"start":{"line":14,"column":12},"end":{"line":16,"column":13}},"9":{"start":{"line":15,"column":16},"end":{"line":15,"column":53}},"10":{"start":{"line":17,"column":12},"end":{"line":19,"column":13}},"11":{"start":{"line":18,"column":16},"end":{"line":18,"column":47}},"12":{"start":{"line":20,"column":12},"end":{"line":22,"column":13}},"13":{"start":{"line":21,"column":16},"end":{"line":21,"column":55}},"14":{"start":{"line":23,"column":12},"end":{"line":25,"column":13}},"15":{"start":{"line":24,"column":16},"end":{"line":24,"column":55}},"16":{"start":{"line":26,"column":12},"end":{"line":28,"column":13}},"17":{"start":{"line":27,"column":16},"end":{"line":27,"column":47}},"18":{"start":{"line":29,"column":12},"end":{"line":31,"column":13}},"19":{"start":{"line":30,"column":16},"end":{"line":30,"column":47}},"20":{"start":{"line":32,"column":12},"end":{"line":34,"column":13}},"21":{"start":{"line":33,"column":16},"end":{"line":33,"column":53}},"22":{"start":{"line":37,"column":27},"end":{"line":40,"column":14}},"23":{"start":{"line":42,"column":12},"end":{"line":42,"column":38}},"24":{"start":{"line":44,"column":12},"end":{"line":44,"column":31}},"25":{"start":{"line":45,"column":12},"end":{"line":45,"column":24}},"26":{"start":{"line":50,"column":8},"end":{"line":59,"column":9}},"27":{"start":{"line":51,"column":27},"end":{"line":51,"column":107}},"28":{"start":{"line":52,"column":27},"end":{"line":55,"column":14}},"29":{"start":{"line":56,"column":12},"end":{"line":56,"column":38}},"30":{"start":{"line":58,"column":12},"end":{"line":58,"column":23}},"31":{"start":{"line":63,"column":8},"end":{"line":69,"column":9}},"32":{"start":{"line":64,"column":29},"end":{"line":64,"column":37}},"33":{"start":{"line":65,"column":25},"end":{"line":65,"column":43}},"34":{"start":{"line":66,"column":12},"end":{"line":66,"column":28}},"35":{"start":{"line":68,"column":12},"end":{"line":68,"column":23}}},"fnMap":{"0":{"name":"(anonymous_0)","decl":{"start":{"line":5,"column":4},"end":{"line":5,"column":5}},"loc":{"start":{"line":5,"column":45},"end":{"line":47,"column":5}},"line":5},"1":{"name":"(anonymous_1)","decl":{"start":{"line":49,"column":4},"end":{"line":49,"column":5}},"loc":{"start":{"line":49,"column":45},"end":{"line":60,"column":5}},"line":49},"2":{"name":"(anonymous_2)","decl":{"start":{"line":62,"column":4},"end":{"line":62,"column":5}},"loc":{"start":{"line":62,"column":39},"end":{"line":70,"column":5}},"line":62}},"branchMap":{"0":{"loc":{"start":{"line":11,"column":12},"end":{"line":13,"column":13}},"type":"if","locations":[{"start":{"line":11,"column":12},"end":{"line":13,"column":13}},{"start":{},"end":{}}],"line":11},"1":{"loc":{"start":{"line":14,"column":12},"end":{"line":16,"column":13}},"type":"if","locations":[{"start":{"line":14,"column":12},"end":{"line":16,"column":13}},{"start":{},"end":{}}],"line":14},"2":{"loc":{"start":{"line":17,"column":12},"end":{"line":19,"column":13}},"type":"if","locations":[{"start":{"line":17,"column":12},"end":{"line":19,"column":13}},{"start":{},"end":{}}],"line":17},"3":{"loc":{"start":{"line":20,"column":12},"end":{"line":22,"column":13}},"type":"if","locations":[{"start":{"line":20,"column":12},"end":{"line":22,"column":13}},{"start":{},"end":{}}],"line":20},"4":{"loc":{"start":{"line":23,"column":12},"end":{"line":25,"column":13}},"type":"if","locations":[{"start":{"line":23,"column":12},"end":{"line":25,"column":13}},{"start":{},"end":{}}],"line":23},"5":{"loc":{"start":{"line":26,"column":12},"end":{"line":28,"column":13}},"type":"if","locations":[{"start":{"line":26,"column":12},"end":{"line":28,"column":13}},{"start":{},"end":{}}],"line":26},"6":{"loc":{"start":{"line":29,"column":12},"end":{"line":31,"column":13}},"type":"if","locations":[{"start":{"line":29,"column":12},"end":{"line":31,"column":13}},{"start":{},"end":{}}],"line":29},"7":{"loc":{"start":{"line":32,"column":12},"end":{"line":34,"column":13}},"type":"if","locations":[{"start":{"line":32,"column":12},"end":{"line":34,"column":13}},{"start":{},"end":{}}],"line":32}},"s":{"0":1,"1":1,"2":1,"3":0,"4":0,"5":0,"6":0,"7":0,"8":0,"9":0,"10":0,"11":0,"12":0,"13":0,"14":0,"15":0,"16":0,"17":0,"18":0,"19":0,"20":0,"21":0,"22":0,"23":0,"24":0,"25":0,"26":0,"27":0,"28":0,"29":0,"30":0,"31":0,"32":0,"33":0,"34":0,"35":0},"f":{"0":0,"1":0,"2":0},"b":{"0":[0,0],"1":[0,0],"2":[0,0],"3":[0,0],"4":[0,0],"5":[0,0],"6":[0,0],"7":[0,0]},"_coverageSchema":"1a1c01bbd47fc00a2c39e90264f33305004495a9","hash":"ac262a1d88d59a056eaae68c8524c0810debe3ab"}
,"C:\\Users\\prama\\OneDrive\\Documents\\Hacktiv8\\Phase 2\\Individual_Project\\IP-HCK75\\server-side\\controller\\ProfileController.js": {"path":"C:\\Users\\prama\\OneDrive\\Documents\\Hacktiv8\\Phase 2\\Individual_Project\\IP-HCK75\\server-side\\controller\\ProfileController.js","statementMap":{"0":{"start":{"line":1,"column":20},"end":{"line":1,"column":40}},"1":{"start":{"line":3,"column":0},"end":{"line":40,"column":1}},"2":{"start":{"line":5,"column":8},"end":{"line":15,"column":9}},"3":{"start":{"line":6,"column":25},"end":{"line":6,"column":33}},"4":{"start":{"line":7,"column":23},"end":{"line":7,"column":71}},"5":{"start":{"line":9,"column":12},"end":{"line":11,"column":13}},"6":{"start":{"line":10,"column":16},"end":{"line":10,"column":55}},"7":{"start":{"line":12,"column":12},"end":{"line":12,"column":49}},"8":{"start":{"line":14,"column":12},"end":{"line":14,"column":23}},"9":{"start":{"line":19,"column":8},"end":{"line":28,"column":9}},"10":{"start":{"line":20,"column":25},"end":{"line":20,"column":33}},"11":{"start":{"line":21,"column":26},"end":{"line":24,"column":14}},"12":{"start":{"line":25,"column":12},"end":{"line":25,"column":98}},"13":{"start":{"line":27,"column":12},"end":{"line":27,"column":23}},"14":{"start":{"line":32,"column":8},"end":{"line":38,"column":9}},"15":{"start":{"line":33,"column":25},"end":{"line":33,"column":33}},"16":{"start":{"line":34,"column":27},"end":{"line":34,"column":84}},"17":{"start":{"line":35,"column":12},"end":{"line":35,"column":85}},"18":{"start":{"line":37,"column":12},"end":{"line":37,"column":23}}},"fnMap":{"0":{"name":"(anonymous_0)","decl":{"start":{"line":4,"column":4},"end":{"line":4,"column":5}},"loc":{"start":{"line":4,"column":44},"end":{"line":16,"column":5}},"line":4},"1":{"name":"(anonymous_1)","decl":{"start":{"line":18,"column":4},"end":{"line":18,"column":5}},"loc":{"start":{"line":18,"column":44},"end":{"line":29,"column":5}},"line":18},"2":{"name":"(anonymous_2)","decl":{"start":{"line":31,"column":4},"end":{"line":31,"column":5}},"loc":{"start":{"line":31,"column":45},"end":{"line":39,"column":5}},"line":31}},"branchMap":{"0":{"loc":{"start":{"line":9,"column":12},"end":{"line":11,"column":13}},"type":"if","locations":[{"start":{"line":9,"column":12},"end":{"line":11,"column":13}},{"start":{},"end":{}}],"line":9}},"s":{"0":1,"1":1,"2":0,"3":0,"4":0,"5":0,"6":0,"7":0,"8":0,"9":0,"10":0,"11":0,"12":0,"13":0,"14":0,"15":0,"16":0,"17":0,"18":0},"f":{"0":0,"1":0,"2":0},"b":{"0":[0,0]},"_coverageSchema":"1a1c01bbd47fc00a2c39e90264f33305004495a9","hash":"02eb43c127d6c11dbd0034918807e0a66aa36f1d"}
,"C:\\Users\\prama\\OneDrive\\Documents\\Hacktiv8\\Phase 2\\Individual_Project\\IP-HCK75\\server-side\\controller\\UserController.js": {"path":"C:\\Users\\prama\\OneDrive\\Documents\\Hacktiv8\\Phase 2\\Individual_Project\\IP-HCK75\\server-side\\controller\\UserController.js","statementMap":{"0":{"start":{"line":1,"column":29},"end":{"line":1,"column":57}},"1":{"start":{"line":2,"column":37},"end":{"line":2,"column":62}},"2":{"start":{"line":3,"column":17},"end":{"line":3,"column":37}},"3":{"start":{"line":4,"column":25},"end":{"line":4,"column":55}},"4":{"start":{"line":6,"column":0},"end":{"line":77,"column":1}},"5":{"start":{"line":8,"column":8},"end":{"line":28,"column":9}},"6":{"start":{"line":9,"column":38},"end":{"line":9,"column":46}},"7":{"start":{"line":10,"column":12},"end":{"line":12,"column":13}},"8":{"start":{"line":11,"column":16},"end":{"line":11,"column":65}},"9":{"start":{"line":14,"column":23},"end":{"line":14,"column":63}},"10":{"start":{"line":15,"column":12},"end":{"line":17,"column":13}},"11":{"start":{"line":16,"column":16},"end":{"line":16,"column":59}},"12":{"start":{"line":18,"column":27},"end":{"line":18,"column":59}},"13":{"start":{"line":19,"column":12},"end":{"line":21,"column":13}},"14":{"start":{"line":20,"column":16},"end":{"line":20,"column":59}},"15":{"start":{"line":23,"column":26},"end":{"line":23,"column":41}},"16":{"start":{"line":24,"column":24},"end":{"line":24,"column":44}},"17":{"start":{"line":25,"column":12},"end":{"line":25,"column":58}},"18":{"start":{"line":27,"column":12},"end":{"line":27,"column":23}},"19":{"start":{"line":32,"column":8},"end":{"line":62,"column":9}},"20":{"start":{"line":33,"column":27},"end":{"line":33,"column":45}},"21":{"start":{"line":35,"column":36},"end":{"line":35,"column":44}},"22":{"start":{"line":36,"column":27},"end":{"line":40,"column":14}},"23":{"start":{"line":42,"column":28},"end":{"line":42,"column":47}},"24":{"start":{"line":43,"column":30},"end":{"line":43,"column":37}},"25":{"start":{"line":44,"column":36},"end":{"line":54,"column":14}},"26":{"start":{"line":56,"column":26},"end":{"line":56,"column":54}},"27":{"start":{"line":58,"column":12},"end":{"line":58,"column":74}},"28":{"start":{"line":61,"column":12},"end":{"line":61,"column":23}},"29":{"start":{"line":66,"column":8},"end":{"line":75,"column":9}},"30":{"start":{"line":67,"column":38},"end":{"line":67,"column":46}},"31":{"start":{"line":68,"column":12},"end":{"line":70,"column":13}},"32":{"start":{"line":69,"column":16},"end":{"line":69,"column":65}},"33":{"start":{"line":71,"column":26},"end":{"line":71,"column":64}},"34":{"start":{"line":72,"column":12},"end":{"line":72,"column":99}},"35":{"start":{"line":74,"column":12},"end":{"line":74,"column":23}}},"fnMap":{"0":{"name":"(anonymous_0)","decl":{"start":{"line":7,"column":4},"end":{"line":7,"column":5}},"loc":{"start":{"line":7,"column":39},"end":{"line":29,"column":5}},"line":7},"1":{"name":"(anonymous_1)","decl":{"start":{"line":31,"column":4},"end":{"line":31,"column":5}},"loc":{"start":{"line":31,"column":45},"end":{"line":63,"column":5}},"line":31},"2":{"name":"(anonymous_2)","decl":{"start":{"line":65,"column":4},"end":{"line":65,"column":5}},"loc":{"start":{"line":65,"column":42},"end":{"line":76,"column":5}},"line":65}},"branchMap":{"0":{"loc":{"start":{"line":10,"column":12},"end":{"line":12,"column":13}},"type":"if","locations":[{"start":{"line":10,"column":12},"end":{"line":12,"column":13}},{"start":{},"end":{}}],"line":10},"1":{"loc":{"start":{"line":10,"column":16},"end":{"line":10,"column":35}},"type":"binary-expr","locations":[{"start":{"line":10,"column":16},"end":{"line":10,"column":22}},{"start":{"line":10,"column":26},"end":{"line":10,"column":35}}],"line":10},"2":{"loc":{"start":{"line":15,"column":12},"end":{"line":17,"column":13}},"type":"if","locations":[{"start":{"line":15,"column":12},"end":{"line":17,"column":13}},{"start":{},"end":{}}],"line":15},"3":{"loc":{"start":{"line":19,"column":12},"end":{"line":21,"column":13}},"type":"if","locations":[{"start":{"line":19,"column":12},"end":{"line":21,"column":13}},{"start":{},"end":{}}],"line":19},"4":{"loc":{"start":{"line":58,"column":23},"end":{"line":58,"column":42}},"type":"cond-expr","locations":[{"start":{"line":58,"column":33},"end":{"line":58,"column":36}},{"start":{"line":58,"column":39},"end":{"line":58,"column":42}}],"line":58},"5":{"loc":{"start":{"line":68,"column":12},"end":{"line":70,"column":13}},"type":"if","locations":[{"start":{"line":68,"column":12},"end":{"line":70,"column":13}},{"start":{},"end":{}}],"line":68},"6":{"loc":{"start":{"line":68,"column":16},"end":{"line":68,"column":35}},"type":"binary-expr","locations":[{"start":{"line":68,"column":16},"end":{"line":68,"column":22}},{"start":{"line":68,"column":26},"end":{"line":68,"column":35}}],"line":68}},"s":{"0":1,"1":1,"2":1,"3":1,"4":1,"5":3,"6":3,"7":3,"8":1,"9":2,"10":2,"11":1,"12":1,"13":1,"14":0,"15":1,"16":1,"17":1,"18":2,"19":0,"20":0,"21":0,"22":0,"23":0,"24":0,"25":0,"26":0,"27":0,"28":0,"29":4,"30":4,"31":4,"32":1,"33":3,"34":1,"35":3},"f":{"0":3,"1":0,"2":4},"b":{"0":[1,2],"1":[3,2],"2":[1,1],"3":[0,1],"4":[0,0],"5":[1,3],"6":[4,3]},"_coverageSchema":"1a1c01bbd47fc00a2c39e90264f33305004495a9","hash":"5d3182a07028a2993da7ccfaf808dcaecf3a9e62"}
,"C:\\Users\\prama\\OneDrive\\Documents\\Hacktiv8\\Phase 2\\Individual_Project\\IP-HCK75\\server-side\\helpers\\bcrypt.js": {"path":"C:\\Users\\prama\\OneDrive\\Documents\\Hacktiv8\\Phase 2\\Individual_Project\\IP-HCK75\\server-side\\helpers\\bcrypt.js","statementMap":{"0":{"start":{"line":1,"column":15},"end":{"line":1,"column":34}},"1":{"start":{"line":3,"column":16},"end":{"line":5,"column":1}},"2":{"start":{"line":4,"column":4},"end":{"line":4,"column":41}},"3":{"start":{"line":7,"column":16},"end":{"line":9,"column":1}},"4":{"start":{"line":8,"column":4},"end":{"line":8,"column":52}},"5":{"start":{"line":11,"column":0},"end":{"line":14,"column":1}}},"fnMap":{"0":{"name":"(anonymous_0)","decl":{"start":{"line":3,"column":16},"end":{"line":3,"column":17}},"loc":{"start":{"line":3,"column":30},"end":{"line":5,"column":1}},"line":3},"1":{"name":"(anonymous_1)","decl":{"start":{"line":7,"column":16},"end":{"line":7,"column":17}},"loc":{"start":{"line":7,"column":42},"end":{"line":9,"column":1}},"line":7}},"branchMap":{},"s":{"0":1,"1":1,"2":4,"3":1,"4":1,"5":1},"f":{"0":4,"1":1},"b":{},"_coverageSchema":"1a1c01bbd47fc00a2c39e90264f33305004495a9","hash":"4a76eb1bc1983e20c5809b578cf656b16b802684"}
,"C:\\Users\\prama\\OneDrive\\Documents\\Hacktiv8\\Phase 2\\Individual_Project\\IP-HCK75\\server-side\\helpers\\gemini.js": {"path":"C:\\Users\\prama\\OneDrive\\Documents\\Hacktiv8\\Phase 2\\Individual_Project\\IP-HCK75\\server-side\\helpers\\gemini.js","statementMap":{"0":{"start":{"line":1,"column":0},"end":{"line":1,"column":26}},"1":{"start":{"line":2,"column":31},"end":{"line":2,"column":63}},"2":{"start":{"line":4,"column":15},"end":{"line":15,"column":1}},"3":{"start":{"line":7,"column":18},"end":{"line":7,"column":71}},"4":{"start":{"line":8,"column":18},"end":{"line":8,"column":73}},"5":{"start":{"line":11,"column":19},"end":{"line":11,"column":87}},"6":{"start":{"line":13,"column":19},"end":{"line":13,"column":54}},"7":{"start":{"line":14,"column":4},"end":{"line":14,"column":33}},"8":{"start":{"line":17,"column":0},"end":{"line":17,"column":23}}},"fnMap":{"0":{"name":"(anonymous_0)","decl":{"start":{"line":4,"column":15},"end":{"line":4,"column":16}},"loc":{"start":{"line":4,"column":31},"end":{"line":15,"column":1}},"line":4}},"branchMap":{},"s":{"0":1,"1":1,"2":1,"3":0,"4":0,"5":0,"6":0,"7":0,"8":1},"f":{"0":0},"b":{},"_coverageSchema":"1a1c01bbd47fc00a2c39e90264f33305004495a9","hash":"73edb6eb7eb4c0d66a353563f392a2955d9db48e"}
,"C:\\Users\\prama\\OneDrive\\Documents\\Hacktiv8\\Phase 2\\Individual_Project\\IP-HCK75\\server-side\\helpers\\jwt.js": {"path":"C:\\Users\\prama\\OneDrive\\Documents\\Hacktiv8\\Phase 2\\Individual_Project\\IP-HCK75\\server-side\\helpers\\jwt.js","statementMap":{"0":{"start":{"line":1,"column":12},"end":{"line":1,"column":35}},"1":{"start":{"line":3,"column":17},"end":{"line":3,"column":39}},"2":{"start":{"line":6,"column":20},"end":{"line":8,"column":1}},"3":{"start":{"line":7,"column":4},"end":{"line":7,"column":41}},"4":{"start":{"line":10,"column":20},"end":{"line":13,"column":1}},"5":{"start":{"line":12,"column":4},"end":{"line":12,"column":41}},"6":{"start":{"line":15,"column":0},"end":{"line":18,"column":1}}},"fnMap":{"0":{"name":"(anonymous_0)","decl":{"start":{"line":6,"column":20},"end":{"line":6,"column":21}},"loc":{"start":{"line":6,"column":33},"end":{"line":8,"column":1}},"line":6},"1":{"name":"(anonymous_1)","decl":{"start":{"line":10,"column":20},"end":{"line":10,"column":21}},"loc":{"start":{"line":10,"column":31},"end":{"line":13,"column":1}},"line":10}},"branchMap":{},"s":{"0":1,"1":1,"2":1,"3":1,"4":1,"5":0,"6":1},"f":{"0":1,"1":0},"b":{},"_coverageSchema":"1a1c01bbd47fc00a2c39e90264f33305004495a9","hash":"ad44155b92d6772af14b6cbefe4096dff3dd3e04"}
,"C:\\Users\\prama\\OneDrive\\Documents\\Hacktiv8\\Phase 2\\Individual_Project\\IP-HCK75\\server-side\\middlewares\\authentication.js": {"path":"C:\\Users\\prama\\OneDrive\\Documents\\Hacktiv8\\Phase 2\\Individual_Project\\IP-HCK75\\server-side\\middlewares\\authentication.js","statementMap":{"0":{"start":{"line":1,"column":24},"end":{"line":1,"column":49}},"1":{"start":{"line":3,"column":0},"end":{"line":22,"column":1}},"2":{"start":{"line":4,"column":4},"end":{"line":21,"column":5}},"3":{"start":{"line":5,"column":32},"end":{"line":5,"column":43}},"4":{"start":{"line":6,"column":8},"end":{"line":8,"column":9}},"5":{"start":{"line":7,"column":12},"end":{"line":7,"column":55}},"6":{"start":{"line":10,"column":30},"end":{"line":10,"column":54}},"7":{"start":{"line":12,"column":22},"end":{"line":12,"column":40}},"8":{"start":{"line":13,"column":8},"end":{"line":15,"column":9}},"9":{"start":{"line":14,"column":12},"end":{"line":14,"column":55}},"10":{"start":{"line":17,"column":8},"end":{"line":17,"column":27}},"11":{"start":{"line":18,"column":8},"end":{"line":18,"column":15}},"12":{"start":{"line":20,"column":8},"end":{"line":20,"column":19}}},"fnMap":{"0":{"name":"Authentication","decl":{"start":{"line":3,"column":32},"end":{"line":3,"column":46}},"loc":{"start":{"line":3,"column":63},"end":{"line":22,"column":1}},"line":3}},"branchMap":{"0":{"loc":{"start":{"line":6,"column":8},"end":{"line":8,"column":9}},"type":"if","locations":[{"start":{"line":6,"column":8},"end":{"line":8,"column":9}},{"start":{},"end":{}}],"line":6},"1":{"loc":{"start":{"line":13,"column":8},"end":{"line":15,"column":9}},"type":"if","locations":[{"start":{"line":13,"column":8},"end":{"line":15,"column":9}},{"start":{},"end":{}}],"line":13}},"s":{"0":1,"1":1,"2":0,"3":0,"4":0,"5":0,"6":0,"7":0,"8":0,"9":0,"10":0,"11":0,"12":0},"f":{"0":0},"b":{"0":[0,0],"1":[0,0]},"_coverageSchema":"1a1c01bbd47fc00a2c39e90264f33305004495a9","hash":"5c39c086cf8327b0b45e5e9462c1d7e95cf0c031"}
,"C:\\Users\\prama\\OneDrive\\Documents\\Hacktiv8\\Phase 2\\Individual_Project\\IP-HCK75\\server-side\\middlewares\\authorization.js": {"path":"C:\\Users\\prama\\OneDrive\\Documents\\Hacktiv8\\Phase 2\\Individual_Project\\IP-HCK75\\server-side\\middlewares\\authorization.js","statementMap":{"0":{"start":{"line":1,"column":0},"end":{"line":8,"column":1}},"1":{"start":{"line":2,"column":4},"end":{"line":7,"column":5}},"2":{"start":{"line":4,"column":8},"end":{"line":4,"column":14}},"3":{"start":{"line":6,"column":8},"end":{"line":6,"column":19}}},"fnMap":{"0":{"name":"Authorization","decl":{"start":{"line":1,"column":32},"end":{"line":1,"column":45}},"loc":{"start":{"line":1,"column":62},"end":{"line":8,"column":1}},"line":1}},"branchMap":{},"s":{"0":1,"1":0,"2":0,"3":0},"f":{"0":0},"b":{},"_coverageSchema":"1a1c01bbd47fc00a2c39e90264f33305004495a9","hash":"76dba0770953b705fa7e2f27204a5893753a084e"}
,"C:\\Users\\prama\\OneDrive\\Documents\\Hacktiv8\\Phase 2\\Individual_Project\\IP-HCK75\\server-side\\middlewares\\errorHandler.js": {"path":"C:\\Users\\prama\\OneDrive\\Documents\\Hacktiv8\\Phase 2\\Individual_Project\\IP-HCK75\\server-side\\middlewares\\errorHandler.js","statementMap":{"0":{"start":{"line":2,"column":4},"end":{"line":2,"column":44}},"1":{"start":{"line":4,"column":17},"end":{"line":4,"column":36}},"2":{"start":{"line":5,"column":18},"end":{"line":5,"column":58}},"3":{"start":{"line":7,"column":4},"end":{"line":35,"column":5}},"4":{"start":{"line":9,"column":12},"end":{"line":9,"column":25}},"5":{"start":{"line":10,"column":12},"end":{"line":10,"column":46}},"6":{"start":{"line":11,"column":12},"end":{"line":11,"column":18}},"7":{"start":{"line":13,"column":12},"end":{"line":13,"column":25}},"8":{"start":{"line":14,"column":12},"end":{"line":14,"column":44}},"9":{"start":{"line":15,"column":12},"end":{"line":15,"column":18}},"10":{"start":{"line":17,"column":12},"end":{"line":17,"column":25}},"11":{"start":{"line":18,"column":12},"end":{"line":18,"column":56}},"12":{"start":{"line":19,"column":12},"end":{"line":19,"column":18}},"13":{"start":{"line":21,"column":12},"end":{"line":21,"column":25}},"14":{"start":{"line":22,"column":12},"end":{"line":22,"column":47}},"15":{"start":{"line":23,"column":12},"end":{"line":23,"column":18}},"16":{"start":{"line":25,"column":12},"end":{"line":25,"column":25}},"17":{"start":{"line":26,"column":12},"end":{"line":26,"column":38}},"18":{"start":{"line":27,"column":12},"end":{"line":27,"column":18}},"19":{"start":{"line":29,"column":12},"end":{"line":29,"column":25}},"20":{"start":{"line":30,"column":12},"end":{"line":30,"column":37}},"21":{"start":{"line":31,"column":12},"end":{"line":31,"column":18}},"22":{"start":{"line":33,"column":12},"end":{"line":33,"column":25}},"23":{"start":{"line":34,"column":12},"end":{"line":34,"column":39}},"24":{"start":{"line":37,"column":4},"end":{"line":37,"column":41}},"25":{"start":{"line":40,"column":0},"end":{"line":40,"column":30}}},"fnMap":{"0":{"name":"errorHandler","decl":{"start":{"line":1,"column":9},"end":{"line":1,"column":21}},"loc":{"start":{"line":1,"column":45},"end":{"line":38,"column":1}},"line":1}},"branchMap":{"0":{"loc":{"start":{"line":4,"column":17},"end":{"line":4,"column":36}},"type":"binary-expr","locations":[{"start":{"line":4,"column":17},"end":{"line":4,"column":29}},{"start":{"line":4,"column":33},"end":{"line":4,"column":36}}],"line":4},"1":{"loc":{"start":{"line":5,"column":18},"end":{"line":5,"column":58}},"type":"binary-expr","locations":[{"start":{"line":5,"column":18},"end":{"line":5,"column":31}},{"start":{"line":5,"column":35},"end":{"line":5,"column":58}}],"line":5},"2":{"loc":{"start":{"line":7,"column":4},"end":{"line":35,"column":5}},"type":"switch","locations":[{"start":{"line":8,"column":8},"end":{"line":11,"column":18}},{"start":{"line":12,"column":8},"end":{"line":15,"column":18}},{"start":{"line":16,"column":8},"end":{"line":19,"column":18}},{"start":{"line":20,"column":8},"end":{"line":23,"column":18}},{"start":{"line":24,"column":8},"end":{"line":27,"column":18}},{"start":{"line":28,"column":8},"end":{"line":31,"column":18}},{"start":{"line":32,"column":8},"end":{"line":34,"column":39}}],"line":7}},"s":{"0":5,"1":5,"2":5,"3":5,"4":1,"5":1,"6":1,"7":1,"8":1,"9":1,"10":2,"11":2,"12":2,"13":1,"14":1,"15":1,"16":0,"17":0,"18":0,"19":0,"20":0,"21":0,"22":0,"23":0,"24":5,"25":1},"f":{"0":5},"b":{"0":[5,2],"1":[5,3],"2":[1,1,2,1,0,0,0]},"_coverageSchema":"1a1c01bbd47fc00a2c39e90264f33305004495a9","hash":"812467c9bc8b1ea561007467e24e73182c0d3367"}
,"C:\\Users\\prama\\OneDrive\\Documents\\Hacktiv8\\Phase 2\\Individual_Project\\IP-HCK75\\server-side\\models\\favoritegame.js": {"path":"C:\\Users\\prama\\OneDrive\\Documents\\Hacktiv8\\Phase 2\\Individual_Project\\IP-HCK75\\server-side\\models\\favoritegame.js","statementMap":{"0":{"start":{"line":4,"column":4},"end":{"line":4,"column":24}},"1":{"start":{"line":5,"column":0},"end":{"line":50,"column":2}},"2":{"start":{"line":13,"column":6},"end":{"line":13,"column":42}},"3":{"start":{"line":16,"column":2},"end":{"line":48,"column":5}},"4":{"start":{"line":49,"column":2},"end":{"line":49,"column":22}}},"fnMap":{"0":{"name":"(anonymous_0)","decl":{"start":{"line":5,"column":17},"end":{"line":5,"column":18}},"loc":{"start":{"line":5,"column":43},"end":{"line":50,"column":1}},"line":5},"1":{"name":"(anonymous_1)","decl":{"start":{"line":12,"column":4},"end":{"line":12,"column":5}},"loc":{"start":{"line":12,"column":29},"end":{"line":14,"column":5}},"line":12}},"branchMap":{},"s":{"0":1,"1":1,"2":1,"3":1,"4":1},"f":{"0":1,"1":1},"b":{},"_coverageSchema":"1a1c01bbd47fc00a2c39e90264f33305004495a9","hash":"4ff60c1d58e6f58d27c3fc48f3dde83b9d58aacf"}
,"C:\\Users\\prama\\OneDrive\\Documents\\Hacktiv8\\Phase 2\\Individual_Project\\IP-HCK75\\server-side\\models\\index.js": {"path":"C:\\Users\\prama\\OneDrive\\Documents\\Hacktiv8\\Phase 2\\Individual_Project\\IP-HCK75\\server-side\\models\\index.js","statementMap":{"0":{"start":{"line":3,"column":11},"end":{"line":3,"column":24}},"1":{"start":{"line":4,"column":13},"end":{"line":4,"column":28}},"2":{"start":{"line":5,"column":18},"end":{"line":5,"column":38}},"3":{"start":{"line":6,"column":16},"end":{"line":6,"column":34}},"4":{"start":{"line":7,"column":17},"end":{"line":7,"column":42}},"5":{"start":{"line":8,"column":12},"end":{"line":8,"column":49}},"6":{"start":{"line":9,"column":15},"end":{"line":9,"column":65}},"7":{"start":{"line":10,"column":11},"end":{"line":10,"column":13}},"8":{"start":{"line":13,"column":0},"end":{"line":17,"column":1}},"9":{"start":{"line":14,"column":2},"end":{"line":14,"column":74}},"10":{"start":{"line":16,"column":2},"end":{"line":16,"column":87}},"11":{"start":{"line":19,"column":0},"end":{"line":32,"column":5}},"12":{"start":{"line":22,"column":4},"end":{"line":27,"column":6}},"13":{"start":{"line":30,"column":18},"end":{"line":30,"column":85}},"14":{"start":{"line":31,"column":4},"end":{"line":31,"column":27}},"15":{"start":{"line":34,"column":0},"end":{"line":38,"column":3}},"16":{"start":{"line":35,"column":2},"end":{"line":37,"column":3}},"17":{"start":{"line":36,"column":4},"end":{"line":36,"column":32}},"18":{"start":{"line":40,"column":0},"end":{"line":40,"column":25}},"19":{"start":{"line":41,"column":0},"end":{"line":41,"column":25}},"20":{"start":{"line":43,"column":0},"end":{"line":43,"column":20}}},"fnMap":{"0":{"name":"(anonymous_0)","decl":{"start":{"line":21,"column":10},"end":{"line":21,"column":11}},"loc":{"start":{"line":21,"column":18},"end":{"line":28,"column":3}},"line":21},"1":{"name":"(anonymous_1)","decl":{"start":{"line":29,"column":11},"end":{"line":29,"column":12}},"loc":{"start":{"line":29,"column":19},"end":{"line":32,"column":3}},"line":29},"2":{"name":"(anonymous_2)","decl":{"start":{"line":34,"column":24},"end":{"line":34,"column":25}},"loc":{"start":{"line":34,"column":37},"end":{"line":38,"column":1}},"line":34}},"branchMap":{"0":{"loc":{"start":{"line":8,"column":12},"end":{"line":8,"column":49}},"type":"binary-expr","locations":[{"start":{"line":8,"column":12},"end":{"line":8,"column":32}},{"start":{"line":8,"column":36},"end":{"line":8,"column":49}}],"line":8},"1":{"loc":{"start":{"line":13,"column":0},"end":{"line":17,"column":1}},"type":"if","locations":[{"start":{"line":13,"column":0},"end":{"line":17,"column":1}},{"start":{"line":15,"column":7},"end":{"line":17,"column":1}}],"line":13},"2":{"loc":{"start":{"line":23,"column":6},"end":{"line":26,"column":37}},"type":"binary-expr","locations":[{"start":{"line":23,"column":6},"end":{"line":23,"column":29}},{"start":{"line":24,"column":6},"end":{"line":24,"column":23}},{"start":{"line":25,"column":6},"end":{"line":25,"column":30}},{"start":{"line":26,"column":6},"end":{"line":26,"column":37}}],"line":23},"3":{"loc":{"start":{"line":35,"column":2},"end":{"line":37,"column":3}},"type":"if","locations":[{"start":{"line":35,"column":2},"end":{"line":37,"column":3}},{"start":{},"end":{}}],"line":35}},"s":{"0":1,"1":1,"2":1,"3":1,"4":1,"5":1,"6":1,"7":1,"8":1,"9":0,"10":1,"11":1,"12":4,"13":3,"14":3,"15":1,"16":3,"17":3,"18":1,"19":1,"20":1},"f":{"0":4,"1":3,"2":3},"b":{"0":[1,0],"1":[0,1],"2":[4,4,3,3],"3":[3,0]},"_coverageSchema":"1a1c01bbd47fc00a2c39e90264f33305004495a9","hash":"35916f8852e9777d3087a5c739ffe1e6b7050aed"}
,"C:\\Users\\prama\\OneDrive\\Documents\\Hacktiv8\\Phase 2\\Individual_Project\\IP-HCK75\\server-side\\models\\profile.js": {"path":"C:\\Users\\prama\\OneDrive\\Documents\\Hacktiv8\\Phase 2\\Individual_Project\\IP-HCK75\\server-side\\models\\profile.js","statementMap":{"0":{"start":{"line":4,"column":4},"end":{"line":4,"column":24}},"1":{"start":{"line":5,"column":0},"end":{"line":97,"column":2}},"2":{"start":{"line":13,"column":6},"end":{"line":13,"column":37}},"3":{"start":{"line":16,"column":2},"end":{"line":95,"column":5}},"4":{"start":{"line":96,"column":2},"end":{"line":96,"column":17}}},"fnMap":{"0":{"name":"(anonymous_0)","decl":{"start":{"line":5,"column":17},"end":{"line":5,"column":18}},"loc":{"start":{"line":5,"column":43},"end":{"line":97,"column":1}},"line":5},"1":{"name":"(anonymous_1)","decl":{"start":{"line":12,"column":4},"end":{"line":12,"column":5}},"loc":{"start":{"line":12,"column":29},"end":{"line":14,"column":5}},"line":12}},"branchMap":{},"s":{"0":1,"1":1,"2":1,"3":1,"4":1},"f":{"0":1,"1":1},"b":{},"_coverageSchema":"1a1c01bbd47fc00a2c39e90264f33305004495a9","hash":"b59e7109e5aa59d50490ebc75219a379f685ce80"}
,"C:\\Users\\prama\\OneDrive\\Documents\\Hacktiv8\\Phase 2\\Individual_Project\\IP-HCK75\\server-side\\models\\user.js": {"path":"C:\\Users\\prama\\OneDrive\\Documents\\Hacktiv8\\Phase 2\\Individual_Project\\IP-HCK75\\server-side\\models\\user.js","statementMap":{"0":{"start":{"line":4,"column":4},"end":{"line":4,"column":24}},"1":{"start":{"line":5,"column":20},"end":{"line":5,"column":48}},"2":{"start":{"line":6,"column":0},"end":{"line":56,"column":2}},"3":{"start":{"line":14,"column":6},"end":{"line":14,"column":34}},"4":{"start":{"line":15,"column":6},"end":{"line":15,"column":40}},"5":{"start":{"line":18,"column":2},"end":{"line":54,"column":5}},"6":{"start":{"line":49,"column":8},"end":{"line":49,"column":55}},"7":{"start":{"line":55,"column":2},"end":{"line":55,"column":14}}},"fnMap":{"0":{"name":"(anonymous_0)","decl":{"start":{"line":6,"column":17},"end":{"line":6,"column":18}},"loc":{"start":{"line":6,"column":43},"end":{"line":56,"column":1}},"line":6},"1":{"name":"(anonymous_1)","decl":{"start":{"line":13,"column":4},"end":{"line":13,"column":5}},"loc":{"start":{"line":13,"column":29},"end":{"line":16,"column":5}},"line":13},"2":{"name":"(anonymous_2)","decl":{"start":{"line":48,"column":20},"end":{"line":48,"column":21}},"loc":{"start":{"line":48,"column":43},"end":{"line":50,"column":7}},"line":48}},"branchMap":{},"s":{"0":1,"1":1,"2":1,"3":1,"4":1,"5":1,"6":2,"7":1},"f":{"0":1,"1":1,"2":2},"b":{},"_coverageSchema":"1a1c01bbd47fc00a2c39e90264f33305004495a9","hash":"b347a5c7217a3028c14378141cf5558cdcb18674"}
,"C:\\Users\\prama\\OneDrive\\Documents\\Hacktiv8\\Phase 2\\Individual_Project\\IP-HCK75\\server-side\\routes\\favGamesRoutes.js": {"path":"C:\\Users\\prama\\OneDrive\\Documents\\Hacktiv8\\Phase 2\\Individual_Project\\IP-HCK75\\server-side\\routes\\favGamesRoutes.js","statementMap":{"0":{"start":{"line":1,"column":17},"end":{"line":1,"column":44}},"1":{"start":{"line":2,"column":27},"end":{"line":2,"column":74}},"2":{"start":{"line":4,"column":0},"end":{"line":4,"column":49}},"3":{"start":{"line":5,"column":0},"end":{"line":5,"column":50}},"4":{"start":{"line":6,"column":0},"end":{"line":6,"column":58}},"5":{"start":{"line":8,"column":0},"end":{"line":8,"column":26}}},"fnMap":{},"branchMap":{},"s":{"0":1,"1":1,"2":1,"3":1,"4":1,"5":1},"f":{},"b":{},"_coverageSchema":"1a1c01bbd47fc00a2c39e90264f33305004495a9","hash":"6d6a311869ab7843d9fecf1432c003388a6f76c2"}
,"C:\\Users\\prama\\OneDrive\\Documents\\Hacktiv8\\Phase 2\\Individual_Project\\IP-HCK75\\server-side\\routes\\gamesRouter.js": {"path":"C:\\Users\\prama\\OneDrive\\Documents\\Hacktiv8\\Phase 2\\Individual_Project\\IP-HCK75\\server-side\\routes\\gamesRouter.js","statementMap":{"0":{"start":{"line":1,"column":23},"end":{"line":1,"column":63}},"1":{"start":{"line":3,"column":14},"end":{"line":3,"column":41}},"2":{"start":{"line":5,"column":0},"end":{"line":5,"column":43}},"3":{"start":{"line":6,"column":0},"end":{"line":6,"column":46}},"4":{"start":{"line":7,"column":0},"end":{"line":7,"column":42}},"5":{"start":{"line":9,"column":0},"end":{"line":9,"column":23}}},"fnMap":{},"branchMap":{},"s":{"0":1,"1":1,"2":1,"3":1,"4":1,"5":1},"f":{},"b":{},"_coverageSchema":"1a1c01bbd47fc00a2c39e90264f33305004495a9","hash":"d534eb3c4ca5313667b2e578d1700668f6df9396"}
,"C:\\Users\\prama\\OneDrive\\Documents\\Hacktiv8\\Phase 2\\Individual_Project\\IP-HCK75\\server-side\\routes\\index.js": {"path":"C:\\Users\\prama\\OneDrive\\Documents\\Hacktiv8\\Phase 2\\Individual_Project\\IP-HCK75\\server-side\\routes\\index.js","statementMap":{"0":{"start":{"line":1,"column":27},"end":{"line":1,"column":74}},"1":{"start":{"line":2,"column":26},"end":{"line":2,"column":68}},"2":{"start":{"line":3,"column":23},"end":{"line":3,"column":62}},"3":{"start":{"line":4,"column":23},"end":{"line":4,"column":63}},"4":{"start":{"line":5,"column":22},"end":{"line":5,"column":61}},"5":{"start":{"line":6,"column":21},"end":{"line":6,"column":59}},"6":{"start":{"line":7,"column":17},"end":{"line":7,"column":44}},"7":{"start":{"line":8,"column":14},"end":{"line":8,"column":38}},"8":{"start":{"line":9,"column":16},"end":{"line":9,"column":42}},"9":{"start":{"line":11,"column":15},"end":{"line":11,"column":42}},"10":{"start":{"line":13,"column":0},"end":{"line":13,"column":44}},"11":{"start":{"line":14,"column":0},"end":{"line":14,"column":50}},"12":{"start":{"line":15,"column":0},"end":{"line":15,"column":57}},"13":{"start":{"line":17,"column":0},"end":{"line":17,"column":26}},"14":{"start":{"line":19,"column":0},"end":{"line":19,"column":32}},"15":{"start":{"line":20,"column":0},"end":{"line":20,"column":35}},"16":{"start":{"line":21,"column":0},"end":{"line":21,"column":28}},"17":{"start":{"line":23,"column":0},"end":{"line":23,"column":24}},"18":{"start":{"line":25,"column":0},"end":{"line":25,"column":24}}},"fnMap":{},"branchMap":{},"s":{"0":1,"1":1,"2":1,"3":1,"4":1,"5":1,"6":1,"7":1,"8":1,"9":1,"10":1,"11":1,"12":1,"13":1,"14":1,"15":1,"16":1,"17":1,"18":1},"f":{},"b":{},"_coverageSchema":"1a1c01bbd47fc00a2c39e90264f33305004495a9","hash":"1454970f0656eb1da3b22e8fd6d2474e95d3c341"}
,"C:\\Users\\prama\\OneDrive\\Documents\\Hacktiv8\\Phase 2\\Individual_Project\\IP-HCK75\\server-side\\routes\\profileRouter.js": {"path":"C:\\Users\\prama\\OneDrive\\Documents\\Hacktiv8\\Phase 2\\Individual_Project\\IP-HCK75\\server-side\\routes\\profileRouter.js","statementMap":{"0":{"start":{"line":1,"column":26},"end":{"line":1,"column":68}},"1":{"start":{"line":2,"column":16},"end":{"line":2,"column":43}},"2":{"start":{"line":4,"column":0},"end":{"line":4,"column":47}},"3":{"start":{"line":5,"column":0},"end":{"line":5,"column":48}},"4":{"start":{"line":6,"column":0},"end":{"line":6,"column":48}},"5":{"start":{"line":8,"column":0},"end":{"line":8,"column":25}}},"fnMap":{},"branchMap":{},"s":{"0":1,"1":1,"2":1,"3":1,"4":1,"5":1},"f":{},"b":{},"_coverageSchema":"1a1c01bbd47fc00a2c39e90264f33305004495a9","hash":"4d19656b50747fc5d598a2b6cab25008feef71ba"}
}
